<?xml version="1.0" encoding="UTF-8"?>
<!-- Generated by org.testng.reporters.JUnitXMLReporter -->
<testsuite hostname="Candy" ignored="2" name="Test" tests="2" failures="0" timestamp="22 May 2022 08:48:06 GMT" time="0.037" errors="0">
  <testcase name="dresses" time="0.021" classname="com.testng.Ignore_test"/>
  <testcase name="tshirt" time="0.0" classname="com.testng.Ignore_test"/>
  <testcase name="women" time="0.0" classname="com.testng.Ignore_test">
    <ignored/>
  </testcase> <!-- women -->
  <testcase name="men" time="0.0" classname="com.testng.Ignore_test">
    <ignored/>
  </testcase> <!-- men -->
</testsuite> <!-- Test -->
